[debug] [2024-09-16T06:56:54.925Z] ----------------------------------------------------------------------
[debug] [2024-09-16T06:56:54.926Z] Command:       C:\Program Files\nodejs\node.exe C:\Users\Mantavya\AppData\Roaming\npm\node_modules\firebase-tools\lib\bin\firebase.js init
[debug] [2024-09-16T06:56:54.927Z] CLI Version:   13.17.0
[debug] [2024-09-16T06:56:54.927Z] Platform:      win32
[debug] [2024-09-16T06:56:54.927Z] Node Version:  v18.18.2
[debug] [2024-09-16T06:56:54.927Z] Time:          Mon Sep 16 2024 02:56:54 GMT-0400 (Eastern Daylight Time)
[debug] [2024-09-16T06:56:54.927Z] ----------------------------------------------------------------------
[debug] 
[debug] [2024-09-16T06:56:54.933Z] > command requires scopes: ["email","openid","https://www.googleapis.com/auth/cloudplatformprojects.readonly","https://www.googleapis.com/auth/firebase","https://www.googleapis.com/auth/cloud-platform"]
[debug] [2024-09-16T06:56:54.934Z] > authorizing via signed-in user (mantavyamahajan@gmail.com)
[info] 
     ######## #### ########  ######## ########     ###     ######  ########
     ##        ##  ##     ## ##       ##     ##  ##   ##  ##       ##
     ######    ##  ########  ######   ########  #########  ######  ######
     ##        ##  ##    ##  ##       ##     ## ##     ##       ## ##
     ##       #### ##     ## ######## ########  ##     ##  ######  ########

You're about to initialize a Firebase project in this directory:

  C:\Users\Mantavya\OneDrive\Desktop\New folder (5)\amazon-clone

[info] 
=== Project Setup
[info] 
[info] First, let's associate this project directory with a Firebase project.
[info] You can create multiple project aliases by running firebase use --add, 
[info] but for now we'll just set up a default project.
[info] 
[debug] [2024-09-16T06:57:31.654Z] >>> [apiv2][query] GET https://firebase.googleapis.com/v1beta1/projects pageSize=100
[debug] [2024-09-16T06:57:32.061Z] <<< [apiv2][status] GET https://firebase.googleapis.com/v1beta1/projects 200
[debug] [2024-09-16T06:57:32.062Z] <<< [apiv2][body] GET https://firebase.googleapis.com/v1beta1/projects [omitted]
[info] i  Using project clone-6ee44 (amazon-clone) 
[info] 
=== Hosting Setup
[debug] [2024-09-16T06:57:41.669Z] >>> [apiv2][query] GET https://firebase.googleapis.com/v1beta1/projects/clone-6ee44 [none]
[debug] [2024-09-16T06:57:42.036Z] <<< [apiv2][status] GET https://firebase.googleapis.com/v1beta1/projects/clone-6ee44 200
[debug] [2024-09-16T06:57:42.036Z] <<< [apiv2][body] GET https://firebase.googleapis.com/v1beta1/projects/clone-6ee44 {"projectId":"clone-6ee44","projectNumber":"295747595918","displayName":"amazon-clone","name":"projects/clone-6ee44","resources":{"hostingSite":"clone-6ee44"},"state":"ACTIVE","etag":"1_8ee05faf-2d65-492b-84af-85c10f4b3117"}
[info] 
[info] Your public directory is the folder (relative to your project directory) that
[info] will contain Hosting assets to be uploaded with firebase deploy. If you
[info] have a build process for your assets, use your build's output directory.
[info] 
[debug] [2024-09-16T06:58:22.332Z] >>> [apiv2][query] GET https://www.gstatic.com/firebasejs/releases.json [none]
[debug] [2024-09-16T06:58:23.795Z] <<< [apiv2][status] GET https://www.gstatic.com/firebasejs/releases.json 200
[debug] [2024-09-16T06:58:23.795Z] <<< [apiv2][body] GET https://www.gstatic.com/firebasejs/releases.json {"current":{"version":"10.13.1","browserURL":"https://www.gstatic.com/firebasejs/10.13.1/firebase.js","packageURL":"https://www.gstatic.com/firebasejs/10.13.1/firebase.tgz"},"live":{"version":"10.13","browserURL":"https://www.gstatic.com/firebasejs/live/10.13/firebase.js","packageURL":"https://www.gstatic.com/firebasejs/live/10.13/firebase.tgz"},"components":{"analytics":"https://www.gstatic.com/firebasejs/10.13.1/firebase-analytics.js","app":"https://www.gstatic.com/firebasejs/10.13.1/firebase-app.js","app-check":"https://www.gstatic.com/firebasejs/10.13.1/firebase-app-check.js","auth":"https://www.gstatic.com/firebasejs/10.13.1/firebase-auth.js","auth/cordova":"https://www.gstatic.com/firebasejs/10.13.1/firebase-auth/cordova.js","auth/web-extension":"https://www.gstatic.com/firebasejs/10.13.1/firebase-auth/web-extension.js","functions":"https://www.gstatic.com/firebasejs/10.13.1/firebase-functions.js","firestore":"https://www.gstatic.com/firebasejs/10.13.1/firebase-firestore.js","firestore/lite":"https://www.gstatic.com/firebasejs/10.13.1/firebase-firestore/lite.js","installations":"https://www.gstatic.com/firebasejs/10.13.1/firebase-installations.js","storage":"https://www.gstatic.com/firebasejs/10.13.1/firebase-storage.js","performance":"https://www.gstatic.com/firebasejs/10.13.1/firebase-performance.js","remote-config":"https://www.gstatic.com/firebasejs/10.13.1/firebase-remote-config.js","messaging":"https://www.gstatic.com/firebasejs/10.13.1/firebase-messaging.js","messaging/sw":"https://www.gstatic.com/firebasejs/10.13.1/firebase-messaging/sw.js","database":"https://www.gstatic.com/firebasejs/10.13.1/firebase-database.js","vertexai-preview":"https://www.gstatic.com/firebasejs/10.13.1/firebase-vertexai-preview.js","firestore.memory":"https://www.gstatic.com/firebasejs/10.13.1/firebase-firestore.memory.js"}}
[info] +  Wrote build/index.html 
[info] 
[info] i  Detected a .git folder at C:\Users\Mantavya\OneDrive\Desktop\New folder (5)\amazon-clone 
[info] i  Authorizing with GitHub to upload your service account to a GitHub repository's secrets store. 
[info] 
[info] Visit this URL on this device to log in:
[info] https://github.com/login/oauth/authorize?client_id=89cf50f02ac6aaed3484&state=1018097321&redirect_uri=http%3A%2F%2Flocalhost%3A9005&scope=read%3Auser%20repo%20public_repo
[info] 
[info] Waiting for authentication...
[debug] [2024-09-16T06:58:38.559Z] >>> [apiv2][query] POST https://github.com/login/oauth/access_token [none]
[debug] [2024-09-16T06:58:38.560Z] >>> [apiv2][body] POST https://github.com/login/oauth/access_token [stream]
[debug] [2024-09-16T06:58:38.714Z] <<< [apiv2][status] POST https://github.com/login/oauth/access_token 200
[debug] [2024-09-16T06:58:38.714Z] <<< [apiv2][body] POST https://github.com/login/oauth/access_token {"access_token":"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","token_type":"bearer","scope":"read:user,repo"}
[debug] [2024-09-16T06:58:38.720Z] >>> [apiv2][query] GET https://api.github.com/user [none]
[debug] [2024-09-16T06:58:38.904Z] <<< [apiv2][status] GET https://api.github.com/user 200
[debug] [2024-09-16T06:58:38.904Z] <<< [apiv2][body] GET https://api.github.com/user {"login":"mantavya0807","id":91452784,"node_id":"MDQ6VXNlcjkxNDUyNzg0","avatar_url":"https://avatars.githubusercontent.com/u/91452784?v=4","gravatar_id":"","url":"https://api.github.com/users/mantavya0807","html_url":"https://github.com/mantavya0807","followers_url":"https://api.github.com/users/mantavya0807/followers","following_url":"https://api.github.com/users/mantavya0807/following{/other_user}","gists_url":"https://api.github.com/users/mantavya0807/gists{/gist_id}","starred_url":"https://api.github.com/users/mantavya0807/starred{/owner}{/repo}","subscriptions_url":"https://api.github.com/users/mantavya0807/subscriptions","organizations_url":"https://api.github.com/users/mantavya0807/orgs","repos_url":"https://api.github.com/users/mantavya0807/repos","events_url":"https://api.github.com/users/mantavya0807/events{/privacy}","received_events_url":"https://api.github.com/users/mantavya0807/received_events","type":"User","site_admin":false,"name":null,"company":null,"blog":"","location":null,"email":null,"hireable":null,"bio":null,"twitter_username":null,"notification_email":null,"public_repos":7,"public_gists":0,"followers":0,"following":0,"created_at":"2021-09-27T06:25:15Z","updated_at":"2024-09-14T22:47:04Z","private_gists":0,"total_private_repos":1,"owned_private_repos":1,"disk_usage":6609,"collaborators":0,"two_factor_authentication":false,"plan":{"name":"pro","space":976562499,"collaborators":0,"private_repos":9999}}
[info] 
[info] +  Success! Logged into GitHub as mantavya0807 
[info] 
